2023-05-19T14:12:57.591-0400 INFO Starting SafetyNetAlertsApplication using Java 17.0.3 with PID 5024 (C:\Users\mansi\Desktop\SafetyNetAlerts\SafetyNetAlerts\target\classes started by mansi in C:\Users\mansi\Desktop\SafetyNetAlerts)
2023-05-19T14:12:57.608-0400 INFO No active profile set, falling back to 1 default profile: "default"
2023-05-19T14:12:57.679-0400 INFO Devtools property defaults active! Set 'spring.devtools.add-properties' to 'false' to disable
2023-05-19T14:12:57.680-0400 INFO For additional web related logging consider setting the 'logging.level.web' property to 'DEBUG'
2023-05-19T14:12:59.817-0400 INFO Tomcat initialized with port(s): 8080 (http)
2023-05-19T14:12:59.854-0400 INFO Initializing ProtocolHandler ["http-nio-8080"]
2023-05-19T14:12:59.855-0400 INFO Starting service [Tomcat]
2023-05-19T14:12:59.855-0400 INFO Starting Servlet engine: [Apache Tomcat/10.1.5]
2023-05-19T14:12:59.947-0400 INFO Initializing Spring embedded WebApplicationContext
2023-05-19T14:12:59.952-0400 INFO Root WebApplicationContext: initialization completed in 2266 ms
2023-05-19T14:13:02.553-0400 INFO LiveReload server is running on port 35729
2023-05-19T14:13:02.567-0400 INFO Exposing 1 endpoint(s) beneath base path '/actuator'
2023-05-19T14:13:02.652-0400 INFO Starting ProtocolHandler ["http-nio-8080"]
2023-05-19T14:13:02.687-0400 INFO Tomcat started on port(s): 8080 (http) with context path ''
2023-05-19T14:13:02.712-0400 INFO Started SafetyNetAlertsApplication in 5.73 seconds (process running for 6.951)
2023-05-19T14:14:06.050-0400 INFO Initializing Spring DispatcherServlet 'dispatcherServlet'
2023-05-19T14:14:06.052-0400 INFO Initializing Servlet 'dispatcherServlet'
2023-05-19T14:14:06.055-0400 INFO Completed initialization in 3 ms
2023-05-19T14:14:10.895-0400 INFO HTTP GET request received at /firestation URL
2023-05-19T14:14:10.896-0400 INFO Firestations List = [Firestation{address='1509 Culver St', station='3'}, Firestation{address='29 15th St', station='2'}, Firestation{address='834 Binoc Ave', station='3'}, Firestation{address='644 Gershwin Cir', station='1'}, Firestation{address='748 Townings Dr', station='3'}, Firestation{address='112 Steppes Pl', station='3'}, Firestation{address='489 Manchester St', station='4'}, Firestation{address='892 Downing Ct', station='2'}, Firestation{address='908 73rd St', station='1'}, Firestation{address='112 Steppes Pl', station='4'}, Firestation{address='947 E. Rose Dr', station='1'}, Firestation{address='748 Townings Dr', station='3'}, Firestation{address='951 LoneTree Rd', station='2'}]
2023-05-19T14:14:58.757-0400 DEBUG Neither @ContextConfiguration nor @ContextHierarchy found for test class [AlertControllerTest]: using SpringBootContextLoader
2023-05-19T14:14:58.766-0400 DEBUG Could not detect default resource locations for test class [mansi.safetynetalerts.controller.AlertControllerTest]: no resource found for suffixes {-context.xml, Context.groovy}.
2023-05-19T14:14:58.767-0400 INFO Could not detect default configuration classes for test class [mansi.safetynetalerts.controller.AlertControllerTest]: AlertControllerTest does not declare any static, non-private, non-final, nested classes annotated with @Configuration.
2023-05-19T14:14:58.865-0400 DEBUG Using ContextCustomizers for test class [AlertControllerTest]: [ImportsContextCustomizer, ExcludeFilterContextCustomizer, DuplicateJsonObjectContextCustomizer, MockitoContextCustomizer, DisableAutoConfigurationContextCustomizer, DisableObservabilityContextCustomizer, TypeExcludeFiltersContextCustomizer, PropertyMappingContextCustomizer, Customizer]
2023-05-19T14:14:59.000-0400 DEBUG Identified candidate component class: file [C:\Users\mansi\Desktop\SafetyNetAlerts\SafetyNetAlerts\target\classes\mansi\safetynetalerts\SafetyNetAlertsApplication.class]
2023-05-19T14:14:59.004-0400 INFO Found @SpringBootConfiguration mansi.safetynetalerts.SafetyNetAlertsApplication for test class mansi.safetynetalerts.controller.AlertControllerTest
2023-05-19T14:14:59.021-0400 DEBUG Skipping candidate TestExecutionListener [org.springframework.test.context.transaction.TransactionalTestExecutionListener] due to a missing dependency. Specify custom TestExecutionListener classes or make the default TestExecutionListener classes and their required dependencies available. Offending class: [org/springframework/transaction/interceptor/TransactionAttributeSource]
2023-05-19T14:14:59.024-0400 DEBUG Skipping candidate TestExecutionListener [org.springframework.test.context.jdbc.SqlScriptsTestExecutionListener] due to a missing dependency. Specify custom TestExecutionListener classes or make the default TestExecutionListener classes and their required dependencies available. Offending class: [org/springframework/transaction/interceptor/TransactionAttribute]
2023-05-19T14:14:59.026-0400 DEBUG Using TestExecutionListeners for test class [AlertControllerTest]: [ServletTestExecutionListener, DirtiesContextBeforeModesTestExecutionListener, ApplicationEventsTestExecutionListener, MockitoTestExecutionListener, DependencyInjectionTestExecutionListener, DirtiesContextTestExecutionListener, EventPublishingTestExecutionListener, ResetMocksTestExecutionListener, RestDocsTestExecutionListener, MockRestServiceServerResetTestExecutionListener, MockMvcPrintOnlyOnFailureTestExecutionListener, WebDriverTestExecutionListener, MockWebServiceServerTestExecutionListener]
2023-05-19T14:14:59.028-0400 DEBUG Before test class: class [AlertControllerTest], class annotated with @DirtiesContext [false] with mode [null]
2023-05-19T14:14:59.707-0400 INFO Starting AlertControllerTest using Java 17.0.3 with PID 2700 (started by mansi in C:\Users\mansi\Desktop\SafetyNetAlerts\SafetyNetAlerts)
2023-05-19T14:14:59.717-0400 INFO No active profile set, falling back to 1 default profile: "default"
2023-05-19T14:15:03.649-0400 INFO Initializing Spring TestDispatcherServlet ''
2023-05-19T14:15:03.650-0400 INFO Initializing Servlet ''
2023-05-19T14:15:03.658-0400 INFO Completed initialization in 4 ms
2023-05-19T14:15:03.711-0400 INFO Started AlertControllerTest in 4.578 seconds (process running for 6.64)
2023-05-19T14:15:03.868-0400 INFO HTTP GET request received at /childAlert URL
2023-05-19T14:15:04.076-0400 INFO HTTP GET request received at /childAlert URL
2023-05-19T14:15:04.112-0400 INFO Could not detect default configuration classes for test class [mansi.safetynetalerts.controller.FireStationControllerTest]: FireStationControllerTest does not declare any static, non-private, non-final, nested classes annotated with @Configuration.
2023-05-19T14:15:04.117-0400 INFO Found @SpringBootConfiguration mansi.safetynetalerts.SafetyNetAlertsApplication for test class mansi.safetynetalerts.controller.FireStationControllerTest
2023-05-19T14:15:04.180-0400 INFO Starting FireStationControllerTest using Java 17.0.3 with PID 2700 (started by mansi in C:\Users\mansi\Desktop\SafetyNetAlerts\SafetyNetAlerts)
2023-05-19T14:15:04.182-0400 INFO No active profile set, falling back to 1 default profile: "default"
2023-05-19T14:15:04.524-0400 INFO Initializing Spring TestDispatcherServlet ''
2023-05-19T14:15:04.525-0400 INFO Initializing Servlet ''
2023-05-19T14:15:04.526-0400 INFO Completed initialization in 1 ms
2023-05-19T14:15:04.531-0400 INFO Started FireStationControllerTest in 0.407 seconds (process running for 7.46)
2023-05-19T14:15:04.625-0400 INFO Could not detect default configuration classes for test class [mansi.safetynetalerts.SafetyNetAlertsApplicationTests]: SafetyNetAlertsApplicationTests does not declare any static, non-private, non-final, nested classes annotated with @Configuration.
2023-05-19T14:15:04.641-0400 INFO Found @SpringBootConfiguration mansi.safetynetalerts.SafetyNetAlertsApplication for test class mansi.safetynetalerts.SafetyNetAlertsApplicationTests
2023-05-19T14:15:04.713-0400 INFO Starting SafetyNetAlertsApplicationTests using Java 17.0.3 with PID 2700 (started by mansi in C:\Users\mansi\Desktop\SafetyNetAlerts\SafetyNetAlerts)
2023-05-19T14:15:04.716-0400 INFO No active profile set, falling back to 1 default profile: "default"
2023-05-19T14:15:07.416-0400 INFO Exposing 1 endpoint(s) beneath base path '/actuator'
2023-05-19T14:15:07.733-0400 INFO Started SafetyNetAlertsApplicationTests in 3.064 seconds (process running for 10.662)
2023-05-19T14:17:24.927-0400 DEBUG Neither @ContextConfiguration nor @ContextHierarchy found for test class [PersonControllerIT]: using SpringBootContextLoader
2023-05-19T14:17:24.935-0400 DEBUG Could not detect default resource locations for test class [mansi.safetynetalerts.controller.PersonControllerIT]: no resource found for suffixes {-context.xml, Context.groovy}.
2023-05-19T14:17:24.936-0400 INFO Could not detect default configuration classes for test class [mansi.safetynetalerts.controller.PersonControllerIT]: PersonControllerIT does not declare any static, non-private, non-final, nested classes annotated with @Configuration.
2023-05-19T14:17:24.984-0400 DEBUG Using ContextCustomizers for test class [PersonControllerIT]: [ExcludeFilterContextCustomizer, DuplicateJsonObjectContextCustomizer, MockitoContextCustomizer, TestRestTemplateContextCustomizer, DisableObservabilityContextCustomizer, PropertyMappingContextCustomizer, Customizer]
2023-05-19T14:17:25.101-0400 DEBUG Identified candidate component class: file [C:\Users\mansi\Desktop\SafetyNetAlerts\SafetyNetAlerts\target\classes\mansi\safetynetalerts\SafetyNetAlertsApplication.class]
2023-05-19T14:17:25.102-0400 INFO Found @SpringBootConfiguration mansi.safetynetalerts.SafetyNetAlertsApplication for test class mansi.safetynetalerts.controller.PersonControllerIT
2023-05-19T14:17:25.233-0400 DEBUG Skipping candidate TestExecutionListener [org.springframework.test.context.transaction.TransactionalTestExecutionListener] due to a missing dependency. Specify custom TestExecutionListener classes or make the default TestExecutionListener classes and their required dependencies available. Offending class: [org/springframework/transaction/interceptor/TransactionAttributeSource]
2023-05-19T14:17:25.235-0400 DEBUG Skipping candidate TestExecutionListener [org.springframework.test.context.jdbc.SqlScriptsTestExecutionListener] due to a missing dependency. Specify custom TestExecutionListener classes or make the default TestExecutionListener classes and their required dependencies available. Offending class: [org/springframework/transaction/interceptor/TransactionAttribute]
2023-05-19T14:17:25.237-0400 DEBUG Using TestExecutionListeners for test class [PersonControllerIT]: [ServletTestExecutionListener, DirtiesContextBeforeModesTestExecutionListener, ApplicationEventsTestExecutionListener, MockitoTestExecutionListener, DependencyInjectionTestExecutionListener, DirtiesContextTestExecutionListener, EventPublishingTestExecutionListener, ResetMocksTestExecutionListener, RestDocsTestExecutionListener, MockRestServiceServerResetTestExecutionListener, MockMvcPrintOnlyOnFailureTestExecutionListener, WebDriverTestExecutionListener, MockWebServiceServerTestExecutionListener]
2023-05-19T14:17:25.238-0400 DEBUG Before test class: class [PersonControllerIT], class annotated with @DirtiesContext [false] with mode [null]
2023-05-19T14:17:25.253-0400 DEBUG Performing dependency injection for test class mansi.safetynetalerts.controller.PersonControllerIT
2023-05-19T14:17:25.718-0400 INFO Starting PersonControllerIT using Java 17.0.3 with PID 21960 (started by mansi in C:\Users\mansi\Desktop\SafetyNetAlerts\SafetyNetAlerts)
2023-05-19T14:17:25.723-0400 INFO No active profile set, falling back to 1 default profile: "default"
2023-05-19T14:17:27.528-0400 INFO Tomcat initialized with port(s): 0 (http)
2023-05-19T14:17:27.547-0400 INFO Initializing ProtocolHandler ["http-nio-auto-1"]
2023-05-19T14:17:27.549-0400 INFO Starting service [Tomcat]
2023-05-19T14:17:27.551-0400 INFO Starting Servlet engine: [Apache Tomcat/10.1.5]
2023-05-19T14:17:27.760-0400 INFO Initializing Spring embedded WebApplicationContext
2023-05-19T14:17:27.763-0400 INFO Root WebApplicationContext: initialization completed in 1985 ms
2023-05-19T14:17:30.723-0400 INFO Exposing 1 endpoint(s) beneath base path '/actuator'
2023-05-19T14:17:31.007-0400 INFO Starting ProtocolHandler ["http-nio-auto-1"]
2023-05-19T14:17:31.106-0400 INFO Tomcat started on port(s): 63091 (http) with context path ''
2023-05-19T14:17:31.141-0400 INFO Started PersonControllerIT in 5.854 seconds (process running for 9.251)
2023-05-19T14:17:32.739-0400 INFO Initializing Spring DispatcherServlet 'dispatcherServlet'
2023-05-19T14:17:32.740-0400 INFO Initializing Servlet 'dispatcherServlet'
2023-05-19T14:17:32.743-0400 INFO Completed initialization in 3 ms
2023-05-19T14:17:32.799-0400 INFO HTTP GET request received at /person URL
2023-05-19T14:17:32.806-0400 INFO Person List = [Person{firstName='John', lastName='Boyd', address='1509 Culver St', city='Culver', zip='97451', phone='841-874-6512', email='jaboyd@email.com'}, Person{firstName='Jacob', lastName='Boyd', address='1509 Culver St', city='Culver', zip='97451', phone='841-874-6513', email='drk@email.com'}, Person{firstName='Tenley', lastName='Boyd', address='1509 Culver St', city='Culver', zip='97451', phone='841-874-6512', email='tenz@email.com'}, Person{firstName='Roger', lastName='Boyd', address='1509 Culver St', city='Culver', zip='97451', phone='841-874-6512', email='jaboyd@email.com'}, Person{firstName='Felicia', lastName='Boyd', address='1509 Culver St', city='Culver', zip='97451', phone='841-874-6544', email='jaboyd@email.com'}, Person{firstName='Jonanathan', lastName='Marrack', address='29 15th St', city='Culver', zip='97451', phone='841-874-6513', email='drk@email.com'}, Person{firstName='Tessa', lastName='Carman', address='834 Binoc Ave', city='Culver', zip='97451', phone='841-874-6512', email='tenz@email.com'}, Person{firstName='Peter', lastName='Duncan', address='644 Gershwin Cir', city='Culver', zip='97451', phone='841-874-6512', email='jaboyd@email.com'}, Person{firstName='Foster', lastName='Shepard', address='748 Townings Dr', city='Culver', zip='97451', phone='841-874-6544', email='jaboyd@email.com'}, Person{firstName='Tony', lastName='Cooper', address='112 Steppes Pl', city='Culver', zip='97451', phone='841-874-6874', email='tcoop@ymail.com'}, Person{firstName='Lily', lastName='Cooper', address='489 Manchester St', city='Culver', zip='97451', phone='841-874-9845', email='lily@email.com'}, Person{firstName='Sophia', lastName='Zemicks', address='892 Downing Ct', city='Culver', zip='97451', phone='841-874-7878', email='soph@email.com'}, Person{firstName='Warren', lastName='Zemicks', address='892 Downing Ct', city='Culver', zip='97451', phone='841-874-7512', email='ward@email.com'}, Person{firstName='Zach', lastName='Zemicks', address='892 Downing Ct', city='Culver', zip='97451', phone='841-874-7512', email='zarc@email.com'}, Person{firstName='Reginold', lastName='Walker', address='908 73rd St', city='Culver', zip='97451', phone='841-874-8547', email='reg@email.com'}, Person{firstName='Jamie', lastName='Peters', address='908 73rd St', city='Culver', zip='97451', phone='841-874-7462', email='jpeter@email.com'}, Person{firstName='Ron', lastName='Peters', address='112 Steppes Pl', city='Culver', zip='97451', phone='841-874-8888', email='jpeter@email.com'}, Person{firstName='Allison', lastName='Boyd', address='112 Steppes Pl', city='Culver', zip='97451', phone='841-874-9888', email='aly@imail.com'}, Person{firstName='Brian', lastName='Stelzer', address='947 E. Rose Dr', city='Culver', zip='97451', phone='841-874-7784', email='bstel@email.com'}, Person{firstName='Shawna', lastName='Stelzer', address='947 E. Rose Dr', city='Culver', zip='97451', phone='841-874-7784', email='ssanw@email.com'}, Person{firstName='Kendrik', lastName='Stelzer', address='947 E. Rose Dr', city='Culver', zip='97451', phone='841-874-7784', email='bstel@email.com'}, Person{firstName='Clive', lastName='Ferguson', address='748 Townings Dr', city='Culver', zip='97451', phone='841-874-6741', email='clivfd@ymail.com'}, Person{firstName='Eric', lastName='Cadigan', address='951 LoneTree Rd', city='Culver', zip='97451', phone='841-874-7458', email='gramps@email.com'}]
2023-05-19T14:17:33.151-0400 INFO HTTP PUT request received at /person URL
2023-05-19T14:17:33.153-0400 INFO Person Updated = Person{firstName='John', lastName='Boyd', address='6007 Magnolia Lane', city='Tampa', zip='33510', phone='813-461-2500', email='mansi2001.edu@gmail.com'}
2023-05-19T14:17:33.191-0400 INFO HTTP DELETE request received at /person URL
2023-05-19T14:17:33.192-0400 INFO Deleted Person = Person{firstName='John', lastName='Boyd', address='6007 Magnolia Lane', city='Tampa', zip='33510', phone='813-461-2500', email='mansi2001.edu@gmail.com'}
2023-05-19T14:17:33.205-0400 INFO HTTP POST request received at /person URL
2023-05-19T14:17:33.205-0400 INFO New Person added = Person{firstName='Mansi', lastName='Patel', address='6007 Magnolia Lane', city='Tampa', zip='33510', phone='813-461-2500', email='mansi2001.edu@gmail.com'}
2023-05-19T14:17:33.218-0400 INFO HTTP GET request received at /person URL
2023-05-19T14:17:33.218-0400 INFO Person List = [Person{firstName='Jacob', lastName='Boyd', address='1509 Culver St', city='Culver', zip='97451', phone='841-874-6513', email='drk@email.com'}, Person{firstName='Tenley', lastName='Boyd', address='1509 Culver St', city='Culver', zip='97451', phone='841-874-6512', email='tenz@email.com'}, Person{firstName='Roger', lastName='Boyd', address='1509 Culver St', city='Culver', zip='97451', phone='841-874-6512', email='jaboyd@email.com'}, Person{firstName='Felicia', lastName='Boyd', address='1509 Culver St', city='Culver', zip='97451', phone='841-874-6544', email='jaboyd@email.com'}, Person{firstName='Jonanathan', lastName='Marrack', address='29 15th St', city='Culver', zip='97451', phone='841-874-6513', email='drk@email.com'}, Person{firstName='Tessa', lastName='Carman', address='834 Binoc Ave', city='Culver', zip='97451', phone='841-874-6512', email='tenz@email.com'}, Person{firstName='Peter', lastName='Duncan', address='644 Gershwin Cir', city='Culver', zip='97451', phone='841-874-6512', email='jaboyd@email.com'}, Person{firstName='Foster', lastName='Shepard', address='748 Townings Dr', city='Culver', zip='97451', phone='841-874-6544', email='jaboyd@email.com'}, Person{firstName='Tony', lastName='Cooper', address='112 Steppes Pl', city='Culver', zip='97451', phone='841-874-6874', email='tcoop@ymail.com'}, Person{firstName='Lily', lastName='Cooper', address='489 Manchester St', city='Culver', zip='97451', phone='841-874-9845', email='lily@email.com'}, Person{firstName='Sophia', lastName='Zemicks', address='892 Downing Ct', city='Culver', zip='97451', phone='841-874-7878', email='soph@email.com'}, Person{firstName='Warren', lastName='Zemicks', address='892 Downing Ct', city='Culver', zip='97451', phone='841-874-7512', email='ward@email.com'}, Person{firstName='Zach', lastName='Zemicks', address='892 Downing Ct', city='Culver', zip='97451', phone='841-874-7512', email='zarc@email.com'}, Person{firstName='Reginold', lastName='Walker', address='908 73rd St', city='Culver', zip='97451', phone='841-874-8547', email='reg@email.com'}, Person{firstName='Jamie', lastName='Peters', address='908 73rd St', city='Culver', zip='97451', phone='841-874-7462', email='jpeter@email.com'}, Person{firstName='Ron', lastName='Peters', address='112 Steppes Pl', city='Culver', zip='97451', phone='841-874-8888', email='jpeter@email.com'}, Person{firstName='Allison', lastName='Boyd', address='112 Steppes Pl', city='Culver', zip='97451', phone='841-874-9888', email='aly@imail.com'}, Person{firstName='Brian', lastName='Stelzer', address='947 E. Rose Dr', city='Culver', zip='97451', phone='841-874-7784', email='bstel@email.com'}, Person{firstName='Shawna', lastName='Stelzer', address='947 E. Rose Dr', city='Culver', zip='97451', phone='841-874-7784', email='ssanw@email.com'}, Person{firstName='Kendrik', lastName='Stelzer', address='947 E. Rose Dr', city='Culver', zip='97451', phone='841-874-7784', email='bstel@email.com'}, Person{firstName='Clive', lastName='Ferguson', address='748 Townings Dr', city='Culver', zip='97451', phone='841-874-6741', email='clivfd@ymail.com'}, Person{firstName='Eric', lastName='Cadigan', address='951 LoneTree Rd', city='Culver', zip='97451', phone='841-874-7458', email='gramps@email.com'}, Person{firstName='Mansi', lastName='Patel', address='6007 Magnolia Lane', city='Tampa', zip='33510', phone='813-461-2500', email='mansi2001.edu@gmail.com'}]
2023-05-19T14:17:33.256-0400 INFO Could not detect default configuration classes for test class [mansi.safetynetalerts.controller.FirestationControllerIT]: FirestationControllerIT does not declare any static, non-private, non-final, nested classes annotated with @Configuration.
2023-05-19T14:17:33.258-0400 INFO Found @SpringBootConfiguration mansi.safetynetalerts.SafetyNetAlertsApplication for test class mansi.safetynetalerts.controller.FirestationControllerIT
2023-05-19T14:17:33.281-0400 INFO HTTP DELETE request received at /firestation URL
2023-05-19T14:17:33.290-0400 INFO deleted Firestation = <200 OK OK,Firestation{address='951 LoneTree Rd', station='2'},[]>
2023-05-19T14:17:33.307-0400 INFO HTTP GET request received at /firestation URL
2023-05-19T14:17:33.308-0400 INFO Firestations List = [Firestation{address='1509 Culver St', station='3'}, Firestation{address='29 15th St', station='2'}, Firestation{address='834 Binoc Ave', station='3'}, Firestation{address='644 Gershwin Cir', station='1'}, Firestation{address='748 Townings Dr', station='3'}, Firestation{address='112 Steppes Pl', station='3'}, Firestation{address='489 Manchester St', station='4'}, Firestation{address='892 Downing Ct', station='2'}, Firestation{address='908 73rd St', station='1'}, Firestation{address='112 Steppes Pl', station='4'}, Firestation{address='947 E. Rose Dr', station='1'}, Firestation{address='748 Townings Dr', station='3'}]
2023-05-19T14:17:33.324-0400 INFO HTTP POST request received at /firestation URL
2023-05-19T14:17:33.327-0400 INFO Added Firestation = Firestation{address='6007 Magnolia Park', station='8'}
2023-05-19T14:17:33.338-0400 INFO HTTP GET request received at /firestation URL
2023-05-19T14:17:33.339-0400 INFO Firestations List = [Firestation{address='1509 Culver St', station='3'}, Firestation{address='29 15th St', station='2'}, Firestation{address='834 Binoc Ave', station='3'}, Firestation{address='644 Gershwin Cir', station='1'}, Firestation{address='748 Townings Dr', station='3'}, Firestation{address='112 Steppes Pl', station='3'}, Firestation{address='489 Manchester St', station='4'}, Firestation{address='892 Downing Ct', station='2'}, Firestation{address='908 73rd St', station='1'}, Firestation{address='112 Steppes Pl', station='4'}, Firestation{address='947 E. Rose Dr', station='1'}, Firestation{address='748 Townings Dr', station='3'}, Firestation{address='6007 Magnolia Park', station='8'}]
2023-05-19T14:17:33.352-0400 INFO HTTP PUT request received at /firestation URL
2023-05-19T14:17:33.359-0400 INFO Updated Firestation = Firestation{address='1509 Culver St', station='8'}
2023-05-19T14:17:33.383-0400 INFO Could not detect default configuration classes for test class [mansi.safetynetalerts.controller.FireStationControllerTest]: FireStationControllerTest does not declare any static, non-private, non-final, nested classes annotated with @Configuration.
2023-05-19T14:17:33.430-0400 INFO Found @SpringBootConfiguration mansi.safetynetalerts.SafetyNetAlertsApplication for test class mansi.safetynetalerts.controller.FireStationControllerTest
2023-05-19T14:17:33.508-0400 INFO Starting FireStationControllerTest using Java 17.0.3 with PID 21960 (started by mansi in C:\Users\mansi\Desktop\SafetyNetAlerts\SafetyNetAlerts)
2023-05-19T14:17:33.509-0400 INFO No active profile set, falling back to 1 default profile: "default"
2023-05-19T14:17:34.045-0400 INFO Initializing Spring TestDispatcherServlet ''
2023-05-19T14:17:34.045-0400 INFO Initializing Servlet ''
2023-05-19T14:17:34.046-0400 INFO Completed initialization in 1 ms
2023-05-19T14:17:34.099-0400 INFO Started FireStationControllerTest in 0.626 seconds (process running for 12.209)
2023-05-19T14:17:34.352-0400 INFO Could not detect default configuration classes for test class [mansi.safetynetalerts.SafetyNetAlertsApplicationTests]: SafetyNetAlertsApplicationTests does not declare any static, non-private, non-final, nested classes annotated with @Configuration.
2023-05-19T14:17:34.360-0400 INFO Found @SpringBootConfiguration mansi.safetynetalerts.SafetyNetAlertsApplication for test class mansi.safetynetalerts.SafetyNetAlertsApplicationTests
2023-05-19T14:17:34.407-0400 INFO Starting SafetyNetAlertsApplicationTests using Java 17.0.3 with PID 21960 (started by mansi in C:\Users\mansi\Desktop\SafetyNetAlerts\SafetyNetAlerts)
2023-05-19T14:17:34.410-0400 INFO No active profile set, falling back to 1 default profile: "default"
2023-05-19T14:17:35.069-0400 INFO Exposing 1 endpoint(s) beneath base path '/actuator'
2023-05-19T14:17:35.085-0400 INFO Started SafetyNetAlertsApplicationTests in 0.719 seconds (process running for 13.195)
2023-05-19T14:17:35.096-0400 INFO Could not detect default configuration classes for test class [mansi.safetynetalerts.controller.AlertControllerTest]: AlertControllerTest does not declare any static, non-private, non-final, nested classes annotated with @Configuration.
2023-05-19T14:17:35.100-0400 INFO Found @SpringBootConfiguration mansi.safetynetalerts.SafetyNetAlertsApplication for test class mansi.safetynetalerts.controller.AlertControllerTest
2023-05-19T14:17:35.143-0400 INFO Starting AlertControllerTest using Java 17.0.3 with PID 21960 (started by mansi in C:\Users\mansi\Desktop\SafetyNetAlerts\SafetyNetAlerts)
2023-05-19T14:17:35.145-0400 INFO No active profile set, falling back to 1 default profile: "default"
2023-05-19T14:17:35.405-0400 INFO Initializing Spring TestDispatcherServlet ''
2023-05-19T14:17:35.406-0400 INFO Initializing Servlet ''
2023-05-19T14:17:35.407-0400 INFO Completed initialization in 1 ms
2023-05-19T14:17:35.411-0400 INFO Started AlertControllerTest in 0.304 seconds (process running for 13.521)
2023-05-19T14:17:35.437-0400 INFO HTTP GET request received at /childAlert URL
2023-05-19T14:17:35.468-0400 INFO HTTP GET request received at /childAlert URL
2023-05-19T14:17:35.482-0400 INFO Could not detect default configuration classes for test class [mansi.safetynetalerts.controller.MedicalRecordControllerIT]: MedicalRecordControllerIT does not declare any static, non-private, non-final, nested classes annotated with @Configuration.
2023-05-19T14:17:35.484-0400 INFO Found @SpringBootConfiguration mansi.safetynetalerts.SafetyNetAlertsApplication for test class mansi.safetynetalerts.controller.MedicalRecordControllerIT
2023-05-19T14:17:35.513-0400 INFO HTTP PUT request received at /medicalRecord URL
2023-05-19T14:17:35.519-0400 INFO Updated Medical Record = mansi.safetynetalerts.model.MedicalRecord@58b60adc
2023-05-19T14:17:35.535-0400 INFO HTTP GET request received at /medicalRecord URL
2023-05-19T14:17:35.536-0400 INFO MedicalRecords List = [mansi.safetynetalerts.model.MedicalRecord@58b60adc, mansi.safetynetalerts.model.MedicalRecord@c33cfd6, mansi.safetynetalerts.model.MedicalRecord@74147513, mansi.safetynetalerts.model.MedicalRecord@640ced00, mansi.safetynetalerts.model.MedicalRecord@58952935, mansi.safetynetalerts.model.MedicalRecord@4aca008e, mansi.safetynetalerts.model.MedicalRecord@1d214829, mansi.safetynetalerts.model.MedicalRecord@1e46d260, mansi.safetynetalerts.model.MedicalRecord@6feb9c1c, mansi.safetynetalerts.model.MedicalRecord@75bf3f1f, mansi.safetynetalerts.model.MedicalRecord@62485181, mansi.safetynetalerts.model.MedicalRecord@4a354a7a, mansi.safetynetalerts.model.MedicalRecord@798d345c, mansi.safetynetalerts.model.MedicalRecord@7546abb5, mansi.safetynetalerts.model.MedicalRecord@552238c5, mansi.safetynetalerts.model.MedicalRecord@35a4de81, mansi.safetynetalerts.model.MedicalRecord@251b23bd, mansi.safetynetalerts.model.MedicalRecord@65402fa8, mansi.safetynetalerts.model.MedicalRecord@2160c7d5, mansi.safetynetalerts.model.MedicalRecord@322345ae, mansi.safetynetalerts.model.MedicalRecord@4e598e9c, mansi.safetynetalerts.model.MedicalRecord@2a80d590, mansi.safetynetalerts.model.MedicalRecord@df9f17a]
2023-05-19T14:17:35.557-0400 INFO HTTP POST request received at /medicalRecord URL
2023-05-19T14:17:35.557-0400 INFO New Medical Record = mansi.safetynetalerts.model.MedicalRecord@584f1dde
2023-05-19T14:17:35.567-0400 INFO HTTP DELETE request received at /medicalRecord URL
2023-05-19T14:17:35.571-0400 INFO Deleted Medical Record = mansi.safetynetalerts.model.MedicalRecord@58b60adc
2023-05-19T14:17:35.584-0400 INFO HTTP GET request received at /medicalRecord URL
2023-05-19T14:17:35.584-0400 INFO MedicalRecords List = [mansi.safetynetalerts.model.MedicalRecord@c33cfd6, mansi.safetynetalerts.model.MedicalRecord@74147513, mansi.safetynetalerts.model.MedicalRecord@640ced00, mansi.safetynetalerts.model.MedicalRecord@58952935, mansi.safetynetalerts.model.MedicalRecord@4aca008e, mansi.safetynetalerts.model.MedicalRecord@1d214829, mansi.safetynetalerts.model.MedicalRecord@1e46d260, mansi.safetynetalerts.model.MedicalRecord@6feb9c1c, mansi.safetynetalerts.model.MedicalRecord@75bf3f1f, mansi.safetynetalerts.model.MedicalRecord@62485181, mansi.safetynetalerts.model.MedicalRecord@4a354a7a, mansi.safetynetalerts.model.MedicalRecord@798d345c, mansi.safetynetalerts.model.MedicalRecord@7546abb5, mansi.safetynetalerts.model.MedicalRecord@552238c5, mansi.safetynetalerts.model.MedicalRecord@35a4de81, mansi.safetynetalerts.model.MedicalRecord@251b23bd, mansi.safetynetalerts.model.MedicalRecord@65402fa8, mansi.safetynetalerts.model.MedicalRecord@2160c7d5, mansi.safetynetalerts.model.MedicalRecord@322345ae, mansi.safetynetalerts.model.MedicalRecord@4e598e9c, mansi.safetynetalerts.model.MedicalRecord@2a80d590, mansi.safetynetalerts.model.MedicalRecord@df9f17a, mansi.safetynetalerts.model.MedicalRecord@584f1dde]
